<?xml version="1.0" encoding="UTF-8"?>
<!-- Generated by org.testng.reporters.JUnitXMLReporter -->
<testsuite hostname="DESKTOP-IHDG9BJ" name="Test" tests="4" failures="0" timestamp="24 Jan 2021 14:17:22 GMT" time="0.847" errors="0">
  <testcase name="testByCityId" time="0.443" classname="com.qa.tests.GetAPITests"/>
  <testcase name="testByCityName" time="0.113" classname="com.qa.tests.GetAPITests"/>
  <testcase name="testByGeographicCoordinates" time="0.109" classname="com.qa.tests.GetAPITests"/>
  <testcase name="testByZipAndCountryCode" time="0.127" classname="com.qa.tests.GetAPITests"/>
</testsuite> <!-- Test -->
