<?xml version="1.0" encoding="UTF-8"?>
<testng-results skipped="0" failed="0" total="4" passed="4">
  <reporter-output>
  </reporter-output>
  <suite name="Sample" duration-ms="847" started-at="2021-01-24T14:17:21Z" finished-at="2021-01-24T14:17:22Z">
    <groups>
    </groups>
    <test name="Test" duration-ms="847" started-at="2021-01-24T14:17:21Z" finished-at="2021-01-24T14:17:22Z">
      <class name="com.qa.tests.GetAPITests">
        <test-method status="PASS" signature="setUp()[pri:0, instance:com.qa.tests.GetAPITests@2669b199]" name="setUp" is-config="true" duration-ms="8" started-at="2021-01-24T19:47:21Z" finished-at="2021-01-24T19:47:21Z">
          <reporter-output>
          </reporter-output>
        </test-method> <!-- setUp -->
        <test-method status="PASS" signature="testByCityId()[pri:0, instance:com.qa.tests.GetAPITests@2669b199]" name="testByCityId" duration-ms="443" started-at="2021-01-24T19:47:21Z" finished-at="2021-01-24T19:47:22Z">
          <reporter-output>
          </reporter-output>
        </test-method> <!-- testByCityId -->
        <test-method status="PASS" signature="setUp()[pri:0, instance:com.qa.tests.GetAPITests@2669b199]" name="setUp" is-config="true" duration-ms="1" started-at="2021-01-24T19:47:22Z" finished-at="2021-01-24T19:47:22Z">
          <reporter-output>
          </reporter-output>
        </test-method> <!-- setUp -->
        <test-method status="PASS" signature="testByCityName()[pri:0, instance:com.qa.tests.GetAPITests@2669b199]" name="testByCityName" duration-ms="113" started-at="2021-01-24T19:47:22Z" finished-at="2021-01-24T19:47:22Z">
          <reporter-output>
          </reporter-output>
        </test-method> <!-- testByCityName -->
        <test-method status="PASS" signature="setUp()[pri:0, instance:com.qa.tests.GetAPITests@2669b199]" name="setUp" is-config="true" duration-ms="2" started-at="2021-01-24T19:47:22Z" finished-at="2021-01-24T19:47:22Z">
          <reporter-output>
          </reporter-output>
        </test-method> <!-- setUp -->
        <test-method status="PASS" signature="testByGeographicCoordinates()[pri:0, instance:com.qa.tests.GetAPITests@2669b199]" name="testByGeographicCoordinates" duration-ms="109" started-at="2021-01-24T19:47:22Z" finished-at="2021-01-24T19:47:22Z">
          <reporter-output>
          </reporter-output>
        </test-method> <!-- testByGeographicCoordinates -->
        <test-method status="PASS" signature="setUp()[pri:0, instance:com.qa.tests.GetAPITests@2669b199]" name="setUp" is-config="true" duration-ms="2" started-at="2021-01-24T19:47:22Z" finished-at="2021-01-24T19:47:22Z">
          <reporter-output>
          </reporter-output>
        </test-method> <!-- setUp -->
        <test-method status="PASS" signature="testByZipAndCountryCode()[pri:0, instance:com.qa.tests.GetAPITests@2669b199]" name="testByZipAndCountryCode" duration-ms="127" started-at="2021-01-24T19:47:22Z" finished-at="2021-01-24T19:47:22Z">
          <reporter-output>
          </reporter-output>
        </test-method> <!-- testByZipAndCountryCode -->
      </class> <!-- com.qa.tests.GetAPITests -->
    </test> <!-- Test -->
  </suite> <!-- Sample -->
</testng-results>
